

Version:	3.12
CmdLine:	C:\Users\Luca\Desktop\CampusEnvironment\CampusServer.exe --l4j-debug
WOW64:		yes
Working dir:	C:\Users\Luca\Desktop\CampusEnvironment\.
Java min ver:	1.015.000_001
Java max ver:	
Bundled JRE:	jar
Check launcher:	C:\Users\Luca\Desktop\CampusEnvironment\jar\bin\javaw.exe (not found)
64-bit search:	SOFTWARE\JavaSoft\Java Development Kit...
Check:		SOFTWARE\JavaSoft\Java Development Kit\1.8
Ignore:		1.008.000
Check:		SOFTWARE\JavaSoft\Java Development Kit\1.8.0_161
Ignore:		1.008.000_161
32-bit search:	SOFTWARE\JavaSoft\Java Development Kit...
64-bit search:	SOFTWARE\JavaSoft\JDK...
Check:		SOFTWARE\JavaSoft\JDK\14.0.1
Ignore:		1.014.000_001
Check:		SOFTWARE\JavaSoft\JDK\15.0.1
Check launcher:	C:\Program Files\Java\jdk-15.0.1\bin\javaw.exe (OK)
Match:		1.015.000_001
Runtime used:	1.015.000_001 (64-bit)
Launcher:	C:\Program Files\Java\jdk-15.0.1\bin\javaw.exe
Launcher args:	-jar "C:\Users\Luca\Desktop\CampusEnvironment\CampusServer.exe"
Args length:	63/32768 chars
Exit code:	0


Version:	3.12
CmdLine:	C:\Users\Luca\Desktop\CampusEnvironment\clientRistoratoreGUI.exe --l4j-debug
WOW64:		yes
Working dir:	C:\Users\Luca\Desktop\CampusEnvironment\.
Java min ver:	1.015.000_001
Java max ver:	
Bundled JRE:	jre
Check launcher:	C:\Users\Luca\Desktop\CampusEnvironment\jre\bin\javaw.exe (OK)
Launcher:	C:\Users\Luca\Desktop\CampusEnvironment\jre\bin\javaw.exe
Launcher args:	-jar "C:\Users\Luca\Desktop\CampusEnvironment\clientRistoratoreGUI.exe"
Args length:	71/32768 chars
Exit code:	0
